<?xml version="1.0" encoding="UTF-8"?>
<!-- Generated by org.testng.reporters.JUnitReportReporter -->
<testsuite skipped="0" hostname="DESKTOP-1JUR5DD" name="com.osm.testcases.AddUser" tests="1" failures="0" timestamp="2022-04-24T13:32:32 IST" time="27.240" errors="0">
  <testcase name="addUserintheSystem" time="27.240" classname="com.osm.testcases.AddUser"/>
  <system-out/>
</testsuite> <!-- com.osm.testcases.AddUser -->
