<?xml version="1.0" encoding="UTF-8"?>
<!-- Generated by org.testng.reporters.JUnitReportReporter -->
<testsuite skipped="0" hostname="DESKTOP-1JUR5DD" name="com.osm.testcases.VerifyTabcountofOrangeHrm" tests="1" failures="0" timestamp="2022-04-27T12:09:54 IST" time="52.571" errors="0">
  <testcase name="tabcountTest" time="52.571" classname="com.osm.testcases.VerifyTabcountofOrangeHrm"/>
  <system-out/>
</testsuite> <!-- com.osm.testcases.VerifyTabcountofOrangeHrm -->
