<?xml version="1.0" encoding="UTF-8"?>
<!-- Generated by org.testng.reporters.JUnitReportReporter -->
<testsuite skipped="0" hostname="DESKTOP-1JUR5DD" name="com.osm.testcases.ValidatePIMmodule" tests="1" failures="0" timestamp="2022-04-26T11:27:47 IST" time="47.817" errors="0">
  <testcase name="verifyOptionalFields" time="47.817" classname="com.osm.testcases.ValidatePIMmodule"/>
  <system-out/>
</testsuite> <!-- com.osm.testcases.ValidatePIMmodule -->
