<?xml version="1.0" encoding="UTF-8"?>
<!-- Generated by org.testng.reporters.JUnitReportReporter -->
<testsuite skipped="0" hostname="DESKTOP-1JUR5DD" name="com.osm.testcases.ValidateAddJobTitles" tests="1" failures="0" timestamp="2022-05-09T14:55:35 IST" time="29.572" errors="0">
  <testcase name="verifyJobTitlesadded" time="29.572" classname="com.osm.testcases.ValidateAddJobTitles"/>
  <system-out/>
</testsuite> <!-- com.osm.testcases.ValidateAddJobTitles -->
