<?xml version="1.0" encoding="UTF-8"?>
<!-- Generated by org.testng.reporters.JUnitReportReporter -->
<testsuite skipped="0" hostname="DESKTOP-1JUR5DD" name="com.osm.rough.GoogleSearch" tests="1" failures="0" timestamp="2022-07-09T18:08:18 IST" time="29.405" errors="0">
  <testcase name="googleSearchWithoutclickingonsearchbutton" time="29.405" classname="com.osm.rough.GoogleSearch"/>
  <system-out/>
</testsuite> <!-- com.osm.rough.GoogleSearch -->
