<?xml version="1.0" encoding="UTF-8"?>
<!-- Generated by org.testng.reporters.JUnitReportReporter -->
<testsuite skipped="0" hostname="DESKTOP-1JUR5DD" name="com.osm.rough.TestngTest" tests="2" failures="0" timestamp="2022-05-15T11:34:23 IST" time="0.013" errors="0">
  <testcase name="validteTest" time="0.003" classname="com.osm.rough.TestngTest"/>
  <system-out/>
  <testcase name="validteTest" time="0.010" classname="com.osm.rough.TestngTest"/>
  <system-out/>
</testsuite> <!-- com.osm.rough.TestngTest -->
