<?xml version="1.0" encoding="UTF-8"?>
<!-- Generated by org.testng.reporters.JUnitReportReporter -->
<testsuite skipped="0" hostname="DESKTOP-1JUR5DD" name="com.osm.testcases.ValidateAddEmployee" tests="1" failures="0" timestamp="2022-07-13T18:13:13 IST" time="77.845" errors="0">
  <testcase name="validateAddEmployeeTest" time="77.845" classname="com.osm.testcases.ValidateAddEmployee"/>
  <system-out/>
</testsuite> <!-- com.osm.testcases.ValidateAddEmployee -->
